[2021-06-27T19:21:37.734] [DEBUG] cheese - login => username:hello,password:123456
[2021-06-27T19:21:37.737] [DEBUG] cheese - hello
[2021-06-27T19:21:37.755] [DEBUG] cheese - null
[2021-06-27T19:21:37.755] [DEBUG] cheese - null
[2021-06-27T19:23:56.300] [DEBUG] cheese - login => username:root,password:qyeqeqwe
[2021-06-27T19:23:56.300] [DEBUG] cheese - root
[2021-06-27T19:23:56.302] [DEBUG] cheese - null
[2021-06-27T19:23:56.302] [DEBUG] cheese - null
[2021-06-27T19:27:41.003] [DEBUG] cheese - login => username:admin,password:123456
[2021-06-27T19:27:41.003] [DEBUG] cheese - admin
[2021-06-27T19:27:41.009] [DEBUG] cheese - null
[2021-06-27T19:27:41.010] [DEBUG] cheese - null
[2021-06-27T19:32:28.658] [DEBUG] cheese - login => username:ae1,password:qy312331
[2021-06-27T19:32:28.658] [DEBUG] cheese - ae1
[2021-06-27T19:32:28.660] [DEBUG] cheese - null
[2021-06-27T19:32:28.661] [DEBUG] cheese - null
[2021-06-27T19:33:22.500] [DEBUG] cheese - login => username:root,password:qydasdsa
[2021-06-27T19:33:22.500] [DEBUG] cheese - root
[2021-06-27T19:33:22.502] [DEBUG] cheese - null
[2021-06-27T19:33:22.502] [DEBUG] cheese - null
[2021-06-27T19:34:14.626] [DEBUG] cheese - login => username:root,password:qyadssad
[2021-06-27T19:34:14.626] [DEBUG] cheese - root
[2021-06-27T19:34:14.628] [DEBUG] cheese - null
[2021-06-27T19:34:14.628] [DEBUG] cheese - null
[2021-06-27T19:35:45.502] [DEBUG] cheese - login => username:root,password:qydasdas
[2021-06-27T19:35:45.502] [DEBUG] cheese - root
[2021-06-27T19:35:45.503] [DEBUG] cheese - null
[2021-06-27T19:35:45.504] [DEBUG] cheese - null
[2021-06-27T19:35:51.668] [DEBUG] cheese - login => username:root,password:qydasdas
[2021-06-27T19:35:51.668] [DEBUG] cheese - root
[2021-06-27T19:35:51.670] [DEBUG] cheese - null
[2021-06-27T19:35:51.670] [DEBUG] cheese - null
[2021-06-27T19:36:05.406] [DEBUG] cheese - login => username:admin,password:123456
[2021-06-27T19:36:05.406] [DEBUG] cheese - admin
[2021-06-27T19:36:05.408] [DEBUG] cheese - null
[2021-06-27T19:36:05.408] [DEBUG] cheese - null
[2021-06-27T19:36:18.543] [DEBUG] cheese - login => username:admin,password:123456
[2021-06-27T19:36:18.543] [DEBUG] cheese - admin
[2021-06-27T19:36:18.546] [DEBUG] cheese - null
[2021-06-27T19:36:18.546] [DEBUG] cheese - null
[2021-06-27T19:38:31.150] [DEBUG] cheese - login => username:root,password:qydasdsa
[2021-06-27T19:38:31.150] [DEBUG] cheese - root
[2021-06-27T19:38:31.152] [DEBUG] cheese - null
[2021-06-27T19:38:31.152] [DEBUG] cheese - null
[2021-06-27T19:38:48.805] [DEBUG] cheese - login => username:root,password:qydasdasd
[2021-06-27T19:38:48.805] [DEBUG] cheese - root
[2021-06-27T19:38:48.806] [DEBUG] cheese - null
[2021-06-27T19:38:48.806] [DEBUG] cheese - null
[2021-06-27T19:39:15.601] [DEBUG] cheese - login => username:root,password:qydadasd
[2021-06-27T19:39:15.601] [DEBUG] cheese - root
[2021-06-27T19:39:15.603] [DEBUG] cheese - null
[2021-06-27T19:39:15.603] [DEBUG] cheese - null
[2021-06-27T19:45:31.710] [DEBUG] cheese - login => username:root,password:qydasdasd
[2021-06-27T19:45:31.710] [DEBUG] cheese - root
[2021-06-27T19:45:31.713] [DEBUG] cheese - null
[2021-06-27T19:45:31.713] [DEBUG] cheese - null
[2021-06-27T19:45:46.839] [DEBUG] cheese - login => username:admin,password:123456
[2021-06-27T19:45:46.839] [DEBUG] cheese - admin
[2021-06-27T19:45:46.842] [DEBUG] cheese - null
[2021-06-27T19:45:46.842] [DEBUG] cheese - null
[2021-06-27T19:46:41.189] [DEBUG] cheese - login => username:root,password:qydasdasd
[2021-06-27T19:46:41.190] [DEBUG] cheese - root
[2021-06-27T19:46:41.193] [DEBUG] cheese - null
[2021-06-27T19:46:41.193] [DEBUG] cheese - null
[2021-06-27T19:46:58.649] [DEBUG] cheese - login => username:root,password:qydasds
[2021-06-27T19:46:58.650] [DEBUG] cheese - root
[2021-06-27T19:46:58.651] [DEBUG] cheese - null
[2021-06-27T19:46:58.651] [DEBUG] cheese - null
[2021-06-27T19:48:40.646] [DEBUG] cheese - login => username:root,password:qydasdas
[2021-06-27T19:48:40.646] [DEBUG] cheese - root
[2021-06-27T19:48:40.648] [DEBUG] cheese - null
[2021-06-27T19:48:40.648] [DEBUG] cheese - null
[2021-06-27T19:48:48.395] [DEBUG] cheese - login => username:admin,password:123456
[2021-06-27T19:48:48.395] [DEBUG] cheese - admin
[2021-06-27T19:48:48.397] [DEBUG] cheese - null
[2021-06-27T19:48:48.397] [DEBUG] cheese - null
[2021-06-27T19:49:03.492] [DEBUG] cheese - login => username:root,password:qydasd
[2021-06-27T19:49:03.492] [DEBUG] cheese - root
[2021-06-27T19:49:03.494] [DEBUG] cheese - null
[2021-06-27T19:49:03.494] [DEBUG] cheese - null
[2021-06-27T19:49:13.514] [DEBUG] cheese - login => username:root,password:qydadas
[2021-06-27T19:49:13.514] [DEBUG] cheese - root
[2021-06-27T19:49:13.516] [DEBUG] cheese - null
[2021-06-27T19:49:13.516] [DEBUG] cheese - null
[2021-06-27T19:49:31.910] [DEBUG] cheese - login => username:root,password:qydasda
[2021-06-27T19:49:31.911] [DEBUG] cheese - root
[2021-06-27T19:49:31.912] [DEBUG] cheese - null
[2021-06-27T19:49:31.912] [DEBUG] cheese - null
[2021-06-27T19:50:33.523] [DEBUG] cheese - login => username:admin,password:123456
[2021-06-27T19:50:33.523] [DEBUG] cheese - admin
[2021-06-27T19:50:33.525] [DEBUG] cheese - null
[2021-06-27T19:50:33.525] [DEBUG] cheese - null
[2021-06-27T19:51:35.874] [DEBUG] cheese - login => username:root,password:qydasdas
[2021-06-27T19:51:35.874] [DEBUG] cheese - root
[2021-06-27T19:51:35.876] [DEBUG] cheese - null
[2021-06-27T19:51:35.876] [DEBUG] cheese - null
[2021-06-27T19:52:28.878] [DEBUG] cheese - login => username:admin,password:123456
[2021-06-27T19:52:28.878] [DEBUG] cheese - admin
[2021-06-27T19:52:28.880] [DEBUG] cheese - null
[2021-06-27T19:52:28.880] [DEBUG] cheese - null
[2021-06-27T19:53:08.177] [DEBUG] cheese - login => username:root,password:qydasdas
[2021-06-27T19:53:08.178] [DEBUG] cheese - root
[2021-06-27T19:53:08.180] [DEBUG] cheese - null
[2021-06-27T19:53:08.180] [DEBUG] cheese - null
[2021-06-27T19:54:17.861] [DEBUG] cheese - login => username:root,password:qydasd
[2021-06-27T19:54:17.861] [DEBUG] cheese - root
[2021-06-27T19:54:17.862] [DEBUG] cheese - null
[2021-06-27T19:54:17.862] [DEBUG] cheese - null
[2021-06-27T19:55:01.211] [DEBUG] cheese - login => username:root,password:qydad
[2021-06-27T19:55:01.211] [DEBUG] cheese - root
[2021-06-27T19:55:01.213] [DEBUG] cheese - null
[2021-06-27T19:55:01.213] [DEBUG] cheese - null
[2021-06-27T19:55:06.577] [DEBUG] cheese - login => username:root,password:qydasdasdd
[2021-06-27T19:55:06.577] [DEBUG] cheese - root
[2021-06-27T19:55:06.579] [DEBUG] cheese - null
[2021-06-27T19:55:06.579] [DEBUG] cheese - null
[2021-06-27T19:56:04.681] [DEBUG] cheese - login => username:root,password:qydadasd
[2021-06-27T19:56:04.681] [DEBUG] cheese - root
[2021-06-27T19:56:04.684] [DEBUG] cheese - null
[2021-06-27T19:56:04.684] [DEBUG] cheese - null
[2021-06-27T19:59:09.648] [DEBUG] cheese - login => username:root,password:qydasdas
[2021-06-27T19:59:09.648] [DEBUG] cheese - root
[2021-06-27T19:59:09.650] [DEBUG] cheese - null
[2021-06-27T19:59:09.650] [DEBUG] cheese - null
[2021-06-27T19:59:40.251] [DEBUG] cheese - login => username:root,password:qydasd
[2021-06-27T19:59:40.251] [DEBUG] cheese - root
[2021-06-27T19:59:40.253] [DEBUG] cheese - null
[2021-06-27T19:59:40.253] [DEBUG] cheese - null
[2021-06-27T20:00:15.660] [DEBUG] cheese - login => username:root,password:qydasds
[2021-06-27T20:00:15.660] [DEBUG] cheese - root
[2021-06-27T20:00:15.662] [DEBUG] cheese - null
[2021-06-27T20:00:15.662] [DEBUG] cheese - null
[2021-06-27T20:01:54.295] [DEBUG] cheese - login => username:root,password:qydasds
[2021-06-27T20:01:54.295] [DEBUG] cheese - root
[2021-06-27T20:01:54.297] [DEBUG] cheese - null
[2021-06-27T20:01:54.297] [DEBUG] cheese - null
[2021-06-27T20:16:06.736] [DEBUG] cheese - login => username:root,password:qydasd
[2021-06-27T20:16:06.736] [DEBUG] cheese - root
[2021-06-27T20:16:06.739] [DEBUG] cheese - null
[2021-06-27T20:16:06.739] [DEBUG] cheese - null
[2021-06-27T20:16:16.218] [DEBUG] cheese - login => username:admin,password:123456
[2021-06-27T20:16:16.218] [DEBUG] cheese - admin
[2021-06-27T20:16:16.221] [DEBUG] cheese - null
[2021-06-27T20:16:16.221] [DEBUG] cheese - null
[2021-06-27T20:19:34.189] [DEBUG] cheese - login => username:admin,password:123456
[2021-06-27T20:19:34.190] [DEBUG] cheese - admin
[2021-06-27T20:19:34.192] [DEBUG] cheese - null
[2021-06-27T20:19:34.192] [DEBUG] cheese - null
[2021-06-27T20:20:58.213] [DEBUG] cheese - login => username:admin,password:123456
[2021-06-27T20:20:58.213] [DEBUG] cheese - admin
[2021-06-27T20:20:58.215] [DEBUG] cheese - null
[2021-06-27T20:20:58.215] [DEBUG] cheese - null
[2021-06-27T20:24:42.021] [DEBUG] cheese - login => username:admin,password:213456
[2021-06-27T20:24:42.021] [DEBUG] cheese - admin
[2021-06-27T20:24:42.023] [DEBUG] cheese - null
[2021-06-27T20:24:42.023] [DEBUG] cheese - null
[2021-06-27T20:24:46.661] [DEBUG] cheese - login => username:admin,password:123456
[2021-06-27T20:24:46.661] [DEBUG] cheese - admin
[2021-06-27T20:24:46.664] [DEBUG] cheese - null
[2021-06-27T20:24:46.664] [DEBUG] cheese - null
[2021-06-27T20:36:54.077] [DEBUG] cheese - login => username:admin,password:123456
[2021-06-27T20:36:54.077] [DEBUG] cheese - admin
[2021-06-27T20:36:54.080] [DEBUG] cheese - null
[2021-06-27T20:36:54.080] [DEBUG] cheese - null
[2021-06-27T20:37:54.763] [DEBUG] cheese - login => username:admin,password:123456
[2021-06-27T20:37:54.763] [DEBUG] cheese - admin
[2021-06-27T20:37:54.765] [DEBUG] cheese - null
[2021-06-27T20:37:54.765] [DEBUG] cheese - null
[2021-06-27T20:41:00.565] [DEBUG] cheese - login => username:admin,password:123456
[2021-06-27T20:41:00.565] [DEBUG] cheese - admin
[2021-06-27T20:41:00.567] [DEBUG] cheese - null
[2021-06-27T20:41:00.567] [DEBUG] cheese - null
[2021-06-27T21:03:41.491] [DEBUG] cheese - login => username:admin,password:123456
[2021-06-27T21:03:41.492] [DEBUG] cheese - admin
[2021-06-27T21:03:41.494] [DEBUG] cheese - null
[2021-06-27T21:03:41.494] [DEBUG] cheese - null
[2021-06-28T20:20:17.653] [DEBUG] cheese - login => username:admin,password:123456
[2021-06-28T20:20:17.655] [DEBUG] cheese - admin
[2021-06-28T20:20:17.746] [DEBUG] cheese - null
[2021-06-28T20:20:17.746] [DEBUG] cheese - null
[2021-06-28T20:20:31.168] [DEBUG] cheese - login => username:root,password:qydasda
[2021-06-28T20:20:31.168] [DEBUG] cheese - root
[2021-06-28T20:20:31.170] [DEBUG] cheese - null
[2021-06-28T20:20:31.170] [DEBUG] cheese - null
[2021-06-28T20:20:39.121] [DEBUG] cheese - login => username:admin,password:123456
[2021-06-28T20:20:39.121] [DEBUG] cheese - admin
[2021-06-28T20:20:39.124] [DEBUG] cheese - null
[2021-06-28T20:20:39.125] [DEBUG] cheese - null
[2021-06-28T22:25:12.187] [DEBUG] cheese - login => username:admin,password:123456
[2021-06-28T22:25:12.188] [DEBUG] cheese - admin
[2021-06-28T22:25:12.193] [DEBUG] cheese - null
[2021-06-28T22:25:12.193] [DEBUG] cheese - null
[2021-06-28T22:27:03.022] [DEBUG] cheese - login => username:admin,password:123456
[2021-06-28T22:27:03.023] [DEBUG] cheese - admin
[2021-06-28T22:27:03.025] [DEBUG] cheese - null
[2021-06-28T22:27:03.025] [DEBUG] cheese - null
